Using pre-set license
Built from '2021.3/staging' branch; Version is '2021.3.9f1 (ad3870b89536) revision 11352176'; Using compiler version '192829333'; Build Type 'Release'
OS: 'Windows 11  (10.0.22000) 64bit Core' Language: 'de' Physical Memory: 15724 MB
BatchMode: 1, IsHumanControllingUs: 0, StartBugReporterOnCrash: 0, Is64bit: 1, IsPro: 1

COMMAND LINE ARGUMENTS:
D:\Installation\Unity Editor\2021.3.9f1\Editor\Unity.exe
-adb2
-batchMode
-noUpm
-name
AssetImportWorker3
-projectPath
D:/Programming/Git Hub Projects/White-Cards-App/White Cards
-logFile
Logs/AssetImportWorker3.log
-srvPort
55751
Successfully changed project path to: D:/Programming/Git Hub Projects/White-Cards-App/White Cards
D:/Programming/Git Hub Projects/White-Cards-App/White Cards
[UnityMemory] Configuration Parameters - Can be set up in boot.config
    "memorysetup-bucket-allocator-granularity=16"
    "memorysetup-bucket-allocator-bucket-count=8"
    "memorysetup-bucket-allocator-block-size=33554432"
    "memorysetup-bucket-allocator-block-count=8"
    "memorysetup-main-allocator-block-size=16777216"
    "memorysetup-thread-allocator-block-size=16777216"
    "memorysetup-gfx-main-allocator-block-size=16777216"
    "memorysetup-gfx-thread-allocator-block-size=16777216"
    "memorysetup-cache-allocator-block-size=4194304"
    "memorysetup-typetree-allocator-block-size=2097152"
    "memorysetup-profiler-bucket-allocator-granularity=16"
    "memorysetup-profiler-bucket-allocator-bucket-count=8"
    "memorysetup-profiler-bucket-allocator-block-size=33554432"
    "memorysetup-profiler-bucket-allocator-block-count=8"
    "memorysetup-profiler-allocator-block-size=16777216"
    "memorysetup-profiler-editor-allocator-block-size=1048576"
    "memorysetup-temp-allocator-size-main=16777216"
    "memorysetup-job-temp-allocator-block-size=2097152"
    "memorysetup-job-temp-allocator-block-size-background=1048576"
    "memorysetup-job-temp-allocator-reduction-small-platforms=262144"
    "memorysetup-temp-allocator-size-background-worker=32768"
    "memorysetup-temp-allocator-size-job-worker=262144"
    "memorysetup-temp-allocator-size-preload-manager=33554432"
    "memorysetup-temp-allocator-size-nav-mesh-worker=65536"
    "memorysetup-temp-allocator-size-audio-worker=65536"
    "memorysetup-temp-allocator-size-cloud-worker=32768"
    "memorysetup-temp-allocator-size-gi-baking-worker=262144"
    "memorysetup-temp-allocator-size-gfx=262144"
Refreshing native plugins compatible for Editor in 125.49 ms, found 2 plugins.
Preloading 0 native plugins for Editor in 0.00 ms.
Initialize engine version: 2021.3.9f1 (ad3870b89536)
[Subsystems] Discovering subsystems at path D:/Installation/Unity Editor/2021.3.9f1/Editor/Data/Resources/UnitySubsystems
[Subsystems] Discovering subsystems at path D:/Programming/Git Hub Projects/White-Cards-App/White Cards/Assets
GfxDevice: creating device client; threaded=0; jobified=0
Direct3D:
    Version:  Direct3D 11.0 [level 11.1]
    Renderer: AMD Radeon(TM) Graphics (ID=0x1638)
    Vendor:   ATI
    VRAM:     7862 MB
    Driver:   30.0.14060.3003
Initialize mono
Mono path[0] = 'D:/Installation/Unity Editor/2021.3.9f1/Editor/Data/Managed'
Mono path[1] = 'D:/Installation/Unity Editor/2021.3.9f1/Editor/Data/MonoBleedingEdge/lib/mono/unityjit-win32'
Mono config path = 'D:/Installation/Unity Editor/2021.3.9f1/Editor/Data/MonoBleedingEdge/etc'
Using monoOptions --debugger-agent=transport=dt_socket,embedding=1,server=y,suspend=n,address=127.0.0.1:56256
Begin MonoManager ReloadAssembly
Registering precompiled unity dll's ...
Register platform support module: D:/Installation/Unity Editor/2021.3.9f1/Editor/Data/PlaybackEngines/WebGLSupport/UnityEditor.WebGL.Extensions.dll
Register platform support module: D:/Installation/Unity Editor/2021.3.9f1/Editor/Data/PlaybackEngines/AndroidPlayer/UnityEditor.Android.Extensions.dll
Register platform support module: D:/Installation/Unity Editor/2021.3.9f1/Editor/Data/PlaybackEngines/WindowsStandaloneSupport/UnityEditor.WindowsStandalone.Extensions.dll
Registered in 0.003827 seconds.
Native extension for WindowsStandalone target not found
Native extension for Android target not found
Native extension for WebGL target not found
Refreshing native plugins compatible for Editor in 77.40 ms, found 2 plugins.
Preloading 0 native plugins for Editor in 0.00 ms.
Mono: successfully reloaded assembly
- Completed reload, in  0.821 seconds
Domain Reload Profiling:
	ReloadAssembly (822ms)
		BeginReloadAssembly (92ms)
			ExecutionOrderSort (0ms)
			DisableScriptedObjects (0ms)
			BackupInstance (0ms)
			ReleaseScriptingObjects (0ms)
			CreateAndSetChildDomain (1ms)
		EndReloadAssembly (584ms)
			LoadAssemblies (92ms)
			RebuildTransferFunctionScriptingTraits (0ms)
			SetupTypeCache (132ms)
			ReleaseScriptCaches (0ms)
			RebuildScriptCaches (36ms)
			SetupLoadedEditorAssemblies (352ms)
				LogAssemblyErrors (0ms)
				InitializePlatformSupportModulesInManaged (75ms)
				SetLoadedEditorAssemblies (0ms)
				RefreshPlugins (77ms)
				BeforeProcessingInitializeOnLoad (2ms)
				ProcessInitializeOnLoadAttributes (133ms)
				ProcessInitializeOnLoadMethodAttributes (64ms)
				AfterProcessingInitializeOnLoad (0ms)
				EditorAssembliesLoaded (0ms)
			ExecutionOrderSort2 (0ms)
			AwakeInstancesAfterBackupRestoration (0ms)
Platform modules already initialized, skipping
Registering precompiled user dll's ...
Registered in 0.005397 seconds.
Begin MonoManager ReloadAssembly
Native extension for WindowsStandalone target not found
Native extension for Android target not found
Native extension for WebGL target not found
Refreshing native plugins compatible for Editor in 97.28 ms, found 2 plugins.
Preloading 0 native plugins for Editor in 0.00 ms.
Mono: successfully reloaded assembly
- Completed reload, in  1.675 seconds
Domain Reload Profiling:
	ReloadAssembly (1677ms)
		BeginReloadAssembly (259ms)
			ExecutionOrderSort (0ms)
			DisableScriptedObjects (11ms)
			BackupInstance (0ms)
			ReleaseScriptingObjects (0ms)
			CreateAndSetChildDomain (139ms)
		EndReloadAssembly (1270ms)
			LoadAssemblies (115ms)
			RebuildTransferFunctionScriptingTraits (0ms)
			SetupTypeCache (276ms)
			ReleaseScriptCaches (1ms)
			RebuildScriptCaches (71ms)
			SetupLoadedEditorAssemblies (743ms)
				LogAssemblyErrors (0ms)
				InitializePlatformSupportModulesInManaged (18ms)
				SetLoadedEditorAssemblies (0ms)
				RefreshPlugins (97ms)
				BeforeProcessingInitializeOnLoad (109ms)
				ProcessInitializeOnLoadAttributes (396ms)
				ProcessInitializeOnLoadMethodAttributes (120ms)
				AfterProcessingInitializeOnLoad (3ms)
				EditorAssembliesLoaded (0ms)
			ExecutionOrderSort2 (0ms)
			AwakeInstancesAfterBackupRestoration (9ms)
Platform modules already initialized, skipping
========================================================================
Worker process is ready to serve import requests
Launched and connected shader compiler UnityShaderCompiler.exe after 0.09 seconds
Refreshing native plugins compatible for Editor in 1.83 ms, found 2 plugins.
Preloading 0 native plugins for Editor in 0.00 ms.
Unloading 3579 Unused Serialized files (Serialized files now loaded: 0)
Unloading 33 unused Assets / (0.7 MB). Loaded Objects now: 4032.
Memory consumption went from 162.3 MB to 161.6 MB.
Total: 5.839400 ms (FindLiveObjects: 0.544100 ms CreateObjectMapping: 0.197000 ms MarkObjects: 4.654300 ms  DeleteObjects: 0.442100 ms)

AssetImportParameters requested are different than current active one (requested -> active):
  custom:video-decoder-ogg-theora: a1e56fd34408186e4bbccfd4996cb3dc -> 
  custom:container-muxer-webm: aa71ff27fc2769a1b78a27578f13a17b -> 
  custom:container-demuxer-webm: 4f35f7cbe854078d1ac9338744f61a02 -> 
  custom:video-encoder-webm-vp8: eb34c28f22e8b96e1ab97ce403110664 -> 
  custom:video-codec-MediaFoundation-h265: 746d11721c4dcdbdad8f713fa42b33f4 -> 
  custom:audio-encoder-webm-vorbis: bf7c407c2cedff20999df2af8eb42d56 -> 
  custom:framework-win-MediaFoundation: 216162199b28c13a410421893ffa2e32 -> 
  custom:container-demuxer-ogg: 62fdf1f143b41e24485cea50d1cbac27 -> 
  custom:video-decoder-webm-vp8: 9c59270c3fd7afecdb556c50c9e8de78 -> 
  custom:audio-decoder-ogg-vorbis: bf7c407c2cedff20999df2af8eb42d56 -> 
========================================================================
Received Import Request.
  Time since last request: 460229.090912 seconds.
  path: Assets/Sprite/Icons/Light/SoundOn.png
  artifactKey: Guid(880890526212fa94fb37e53dff48acc1) Importer(815301076,1909f56bfc062723c751e8b465ee728b)
Start importing Assets/Sprite/Icons/Light/SoundOn.png using Guid(880890526212fa94fb37e53dff48acc1) Importer(815301076,1909f56bfc062723c751e8b465ee728b)  -> (artifact id: '0d430ea3ddd35c8e2e73b8dbf95d97d2') in 0.215480 seconds 
========================================================================
Received Import Request.
  Time since last request: 0.000041 seconds.
  path: Assets/Sprite/Icons/Square/Store.png
  artifactKey: Guid(c2302087b30dfba43995d7e819ed2fba) Importer(815301076,1909f56bfc062723c751e8b465ee728b)
Start importing Assets/Sprite/Icons/Square/Store.png using Guid(c2302087b30dfba43995d7e819ed2fba) Importer(815301076,1909f56bfc062723c751e8b465ee728b)  -> (artifact id: '598c2c0008282c92fb90904eb604efff') in 0.024158 seconds 
========================================================================
Received Import Request.
  Time since last request: 0.000036 seconds.
  path: Assets/Sprite/Icons/Square/Skip.png
  artifactKey: Guid(a35e88a1202b63c40a9142d99b57b44a) Importer(815301076,1909f56bfc062723c751e8b465ee728b)
Start importing Assets/Sprite/Icons/Square/Skip.png using Guid(a35e88a1202b63c40a9142d99b57b44a) Importer(815301076,1909f56bfc062723c751e8b465ee728b)  -> (artifact id: '35c96c8edf2b2b53205ec03451e1c475') in 0.020911 seconds 
========================================================================
Received Import Request.
  Time since last request: 0.000048 seconds.
  path: Assets/Sprite/Icons/Opaque/SoundOff.png
  artifactKey: Guid(6a677eda641afff448f9699f69a7b69a) Importer(815301076,1909f56bfc062723c751e8b465ee728b)
Start importing Assets/Sprite/Icons/Opaque/SoundOff.png using Guid(6a677eda641afff448f9699f69a7b69a) Importer(815301076,1909f56bfc062723c751e8b465ee728b)  -> (artifact id: '900dc5afa31643189a42777773f9b54d') in 0.028040 seconds 
========================================================================
Received Import Request.
  Time since last request: 0.000026 seconds.
  path: Assets/Sprite/Icons/Light/Stats.png
  artifactKey: Guid(ae56bbd5a1dfd9d4db60dce1b04ca3c1) Importer(815301076,1909f56bfc062723c751e8b465ee728b)
Start importing Assets/Sprite/Icons/Light/Stats.png using Guid(ae56bbd5a1dfd9d4db60dce1b04ca3c1) Importer(815301076,1909f56bfc062723c751e8b465ee728b)  -> (artifact id: '207211ddf5d1983460d09f99f12955a8') in 0.028910 seconds 
========================================================================
Received Import Request.
  Time since last request: 0.000029 seconds.
  path: Assets/Sprite/Icons/Light/Settings.png
  artifactKey: Guid(beb2d393c4972234abb5fecce0c7f5a1) Importer(815301076,1909f56bfc062723c751e8b465ee728b)
Start importing Assets/Sprite/Icons/Light/Settings.png using Guid(beb2d393c4972234abb5fecce0c7f5a1) Importer(815301076,1909f56bfc062723c751e8b465ee728b)  -> (artifact id: '2381c1f705e8062197362493e726bffa') in 0.027070 seconds 
========================================================================
Received Import Request.
  Time since last request: 0.000029 seconds.
  path: Assets/Sprite/Icons/Square/MusicOff.png
  artifactKey: Guid(3d7eb75465810f649837b2f3e00e912a) Importer(815301076,1909f56bfc062723c751e8b465ee728b)
Start importing Assets/Sprite/Icons/Square/MusicOff.png using Guid(3d7eb75465810f649837b2f3e00e912a) Importer(815301076,1909f56bfc062723c751e8b465ee728b)  -> (artifact id: 'c5a8726ad698fb157884bf8c0ce80f88') in 0.023707 seconds 
========================================================================
Received Import Request.
  Time since last request: 0.000033 seconds.
  path: Assets/Sprite/Icons/Square/List.png
  artifactKey: Guid(c33a4574468cf2840aa14fb1c350252e) Importer(815301076,1909f56bfc062723c751e8b465ee728b)
Start importing Assets/Sprite/Icons/Square/List.png using Guid(c33a4574468cf2840aa14fb1c350252e) Importer(815301076,1909f56bfc062723c751e8b465ee728b)  -> (artifact id: '201e6a9cc703d6831da8060dded584d2') in 0.025259 seconds 
========================================================================
Received Import Request.
  Time since last request: 0.000027 seconds.
  path: Assets/Sprite/Icons/Square/MusicOn.png
  artifactKey: Guid(1169eaa4e722eb441886755929225984) Importer(815301076,1909f56bfc062723c751e8b465ee728b)
Start importing Assets/Sprite/Icons/Square/MusicOn.png using Guid(1169eaa4e722eb441886755929225984) Importer(815301076,1909f56bfc062723c751e8b465ee728b)  -> (artifact id: 'de4d2ab4f40b6cd3f34ffc1d296d9bbf') in 0.025908 seconds 
========================================================================
Received Import Request.
  Time since last request: 0.000043 seconds.
  path: Assets/Sprite/Icons/Opaque/Skip.png
  artifactKey: Guid(fc813b7a584f8024d972c4ba3ef56f26) Importer(815301076,1909f56bfc062723c751e8b465ee728b)
Start importing Assets/Sprite/Icons/Opaque/Skip.png using Guid(fc813b7a584f8024d972c4ba3ef56f26) Importer(815301076,1909f56bfc062723c751e8b465ee728b)  -> (artifact id: '9faa8ec2ca4717d0631b533900e3a159') in 0.021203 seconds 
========================================================================
Received Import Request.
  Time since last request: 0.000057 seconds.
  path: Assets/Sprite/Icons/Light/Play.png
  artifactKey: Guid(484b5852322d69c46b75742133418ec6) Importer(815301076,1909f56bfc062723c751e8b465ee728b)
Start importing Assets/Sprite/Icons/Light/Play.png using Guid(484b5852322d69c46b75742133418ec6) Importer(815301076,1909f56bfc062723c751e8b465ee728b)  -> (artifact id: '3f8f4b44654806a74005bfa96ded8c70') in 0.022183 seconds 
========================================================================
Received Import Request.
  Time since last request: 0.000029 seconds.
  path: Assets/Sprite/Icons/Light/SoundOn (2).png
  artifactKey: Guid(dd15ff9cd7f876549809a7d523f4064e) Importer(815301076,1909f56bfc062723c751e8b465ee728b)
Start importing Assets/Sprite/Icons/Light/SoundOn (2).png using Guid(dd15ff9cd7f876549809a7d523f4064e) Importer(815301076,1909f56bfc062723c751e8b465ee728b)  -> (artifact id: '5110b5c354b6632527148bfcd455f64d') in 0.022634 seconds 
========================================================================
Received Import Request.
  Time since last request: 0.000039 seconds.
  path: Assets/Sprite/Icons/Light/Store.png
  artifactKey: Guid(d801678403c35714da8baf70a4c8319e) Importer(815301076,1909f56bfc062723c751e8b465ee728b)
Start importing Assets/Sprite/Icons/Light/Store.png using Guid(d801678403c35714da8baf70a4c8319e) Importer(815301076,1909f56bfc062723c751e8b465ee728b)  -> (artifact id: 'a0d81a2bdc97a6c4a515338ec900c03f') in 0.023982 seconds 
========================================================================
Received Import Request.
  Time since last request: 0.000023 seconds.
  path: Assets/Sprite/Icons/Light/Restart.png
  artifactKey: Guid(9933ec22d1c115449ba0eda031c095c2) Importer(815301076,1909f56bfc062723c751e8b465ee728b)
Start importing Assets/Sprite/Icons/Light/Restart.png using Guid(9933ec22d1c115449ba0eda031c095c2) Importer(815301076,1909f56bfc062723c751e8b465ee728b)  -> (artifact id: 'a23f8d060cc814d943d5f9024cc1d196') in 0.023964 seconds 
========================================================================
Received Import Request.
  Time since last request: 0.000029 seconds.
  path: Assets/Sprite/Icons/Light/List.png
  artifactKey: Guid(ba70c00608774b84794a42a525a89358) Importer(815301076,1909f56bfc062723c751e8b465ee728b)
Start importing Assets/Sprite/Icons/Light/List.png using Guid(ba70c00608774b84794a42a525a89358) Importer(815301076,1909f56bfc062723c751e8b465ee728b)  -> (artifact id: 'f7bf75e6bc6aed241a722f00dbf72b1e') in 0.023006 seconds 
========================================================================
Received Import Request.
  Time since last request: 72.829092 seconds.
  path: Assets/Sprite/Icons/Opaque/Facebook.png
  artifactKey: Guid(78a8a16f41b312b4aaf31985b83277f8) Importer(815301076,1909f56bfc062723c751e8b465ee728b)
Start importing Assets/Sprite/Icons/Opaque/Facebook.png using Guid(78a8a16f41b312b4aaf31985b83277f8) Importer(815301076,1909f56bfc062723c751e8b465ee728b)  -> (artifact id: 'e31a54675b3d85204dadb117c7735ed1') in 0.023709 seconds 
========================================================================
Received Import Request.
  Time since last request: 2.230226 seconds.
  path: Assets/Sprite/Icons/Light/Check.png
  artifactKey: Guid(e83bb8051f3866d4dae3fb04df7930da) Importer(815301076,1909f56bfc062723c751e8b465ee728b)
Start importing Assets/Sprite/Icons/Light/Check.png using Guid(e83bb8051f3866d4dae3fb04df7930da) Importer(815301076,1909f56bfc062723c751e8b465ee728b)  -> (artifact id: '67a814979d721b36a2ab6080100ecc7a') in 0.024652 seconds 
========================================================================
Received Import Request.
  Time since last request: 0.000025 seconds.
  path: Assets/Sprite/Icons/Square/Check.png
  artifactKey: Guid(5dd8f7f66ba066145acf0508ec290cb9) Importer(815301076,1909f56bfc062723c751e8b465ee728b)
Start importing Assets/Sprite/Icons/Square/Check.png using Guid(5dd8f7f66ba066145acf0508ec290cb9) Importer(815301076,1909f56bfc062723c751e8b465ee728b)  -> (artifact id: 'd3ca41ea00aa364b64000ebfa4590a5d') in 0.025335 seconds 
========================================================================
Received Import Request.
  Time since last request: 2.659811 seconds.
  path: Assets/Sprite/Icons/Light/Ads.png
  artifactKey: Guid(9efe5205520928c41b2b926744131870) Importer(815301076,1909f56bfc062723c751e8b465ee728b)
Start importing Assets/Sprite/Icons/Light/Ads.png using Guid(9efe5205520928c41b2b926744131870) Importer(815301076,1909f56bfc062723c751e8b465ee728b)  -> (artifact id: 'ac486470b278927724da5ddd9a2fadda') in 0.047813 seconds 
========================================================================
Received Import Request.
  Time since last request: 0.000027 seconds.
  path: Assets/Sprite/Icons/Light/Arrow.png
  artifactKey: Guid(fc17f3fb2749c9345854fb0eeab18690) Importer(815301076,1909f56bfc062723c751e8b465ee728b)
Start importing Assets/Sprite/Icons/Light/Arrow.png using Guid(fc17f3fb2749c9345854fb0eeab18690) Importer(815301076,1909f56bfc062723c751e8b465ee728b)  -> (artifact id: '3ae44d21639710bd19589909df52fc63') in 0.045682 seconds 
========================================================================
Received Import Request.
  Time since last request: 0.000038 seconds.
  path: Assets/Sprite/Icons/Square/Arrow.png
  artifactKey: Guid(6de5ae2f9e1b52441ae6fe9301e5bc71) Importer(815301076,1909f56bfc062723c751e8b465ee728b)
Start importing Assets/Sprite/Icons/Square/Arrow.png using Guid(6de5ae2f9e1b52441ae6fe9301e5bc71) Importer(815301076,1909f56bfc062723c751e8b465ee728b)  -> (artifact id: 'fcddd1e74c8a369cc1b02c247f5ce41e') in 0.021672 seconds 
Editor requested this worker to shutdown with reason: Scaling down because of idle timeout
AssetImportWorker is now disconnected from the server
Process exiting
Exiting without the bug reporter. Application will terminate with return code 0